== Info: About to connect() to 182.254.220.116 port 80 (#0)
== Info:   Trying 182.254.220.116... == Info: connected
== Info: Connected to 182.254.220.116 (182.254.220.116) port 80 (#0)
=> Send header, 218 bytes (0xda)
0000: GET /cgi-bin/test.cgi?p1=aaaa&p2=2222&p3=3333 HTTP/1.1
0038: User-Agent: curl/7.19.7 (x86_64-redhat-linux-gnu) libcurl/7.19.7
0078:  NSS/3.19.1 Basic ECC zlib/1.2.3 libidn/1.18 libssh2/1.4.2
00b4: Host: 182.254.220.116
00cb: Accept: */*
00d8: 
<= Recv header, 17 bytes (0x11)
0000: HTTP/1.1 200 OK
<= Recv header, 37 bytes (0x25)
0000: Date: Sun, 15 Nov 2015 04:25:36 GMT
<= Recv header, 32 bytes (0x20)
0000: Server: Apache/2.2.15 (CentOS)
<= Recv header, 19 bytes (0x13)
0000: Connection: close
<= Recv header, 28 bytes (0x1c)
0000: Transfer-Encoding: chunked
<= Recv header, 27 bytes (0x1b)
0000: Content-Type: text/script
<= Recv header, 2 bytes (0x2)
0000: 
<= Recv data, 16 bytes (0x10)
0000: b
0003: hello, CGI.
<= Recv data, 34 bytes (0x22)
0000: c
0003: method: GET.
0011: c
0014: p1 --> aaaa.
<= Recv data, 62 bytes (0x3e)
0000: c
0003: p2 --> 2222.
0011: c
0014: p3 --> 3333.
0022: 16
0026: key index: p1 -> aaaa.
<= Recv data, 24 bytes (0x18)
0000: 12
0004: key index: p4 -> .
<= Recv data, 5 bytes (0x5)
0000: 0
0003: 
== Info: Closing connection #0
