== Info: About to connect() to 182.254.220.116 port 80 (#0)
== Info:   Trying 182.254.220.116... == Info: connected
== Info: Connected to 182.254.220.116 (182.254.220.116) port 80 (#0)
=> Send header, 264 bytes (0x108)
0000: POST /cgi-bin/test.cgi HTTP/1.1
0021: User-Agent: curl/7.19.7 (x86_64-redhat-linux-gnu) libcurl/7.19.7
0061:  NSS/3.19.1 Basic ECC zlib/1.2.3 libidn/1.18 libssh2/1.4.2
009d: Host: 182.254.220.116
00b4: Accept: */*
00c1: Content-Length: 23
00d5: Content-Type: application/x-www-form-urlencoded
0106: 
=> Send data, 23 bytes (0x17)
0000: p1=aaaa&p2=2222&p3=3333
<= Recv header, 17 bytes (0x11)
0000: HTTP/1.1 200 OK
<= Recv header, 37 bytes (0x25)
0000: Date: Sun, 15 Nov 2015 04:25:36 GMT
<= Recv header, 32 bytes (0x20)
0000: Server: Apache/2.2.15 (CentOS)
<= Recv header, 19 bytes (0x13)
0000: Connection: close
<= Recv header, 28 bytes (0x1c)
0000: Transfer-Encoding: chunked
<= Recv header, 27 bytes (0x1b)
0000: Content-Type: text/script
<= Recv header, 2 bytes (0x2)
0000: 
<= Recv data, 16 bytes (0x10)
0000: b
0003: hello, CGI.
<= Recv data, 18 bytes (0x12)
0000: d
0003: method: POST.
<= Recv data, 34 bytes (0x22)
0000: c
0003: p1 --> aaaa.
0011: c
0014: p2 --> 2222.
<= Recv data, 69 bytes (0x45)
0000: c
0003: p3 --> 3333.
0011: 16
0015: key index: p1 -> aaaa.
002d: 12
0031: key index: p4 -> .
<= Recv data, 5 bytes (0x5)
0000: 0
0003: 
== Info: Closing connection #0
